<?xml version="1.0" encoding="UTF-8"?>
<testng-results skipped="0" failed="1" ignored="0" total="2" passed="1">
  <reporter-output>
  </reporter-output>
  <suite name="Default suite" duration-ms="79173" started-at="2018-02-18T19:31:11Z" finished-at="2018-02-18T19:32:30Z">
    <groups>
    </groups>
    <test name="Default test" duration-ms="79173" started-at="2018-02-18T19:31:11Z" finished-at="2018-02-18T19:32:30Z">
      <class name="tests.TS01_LandingPageTest">
        <test-method status="PASS" signature="initialize()[pri:0, instance:tests.TS01_LandingPageTest@6b2ea799]" name="initialize" is-config="true" duration-ms="3911" started-at="2018-02-19T06:31:11Z" finished-at="2018-02-19T06:31:15Z">
          <reporter-output>
          </reporter-output>
        </test-method> <!-- initialize -->
        <test-method status="PASS" signature="loadPage(java.lang.String)[pri:0, instance:tests.TS01_LandingPageTest@6b2ea799]" name="loadPage" duration-ms="42399" started-at="2018-02-19T06:31:15Z" data-provider="getData" finished-at="2018-02-19T06:31:58Z">
          <params>
            <param index="0">
              <value>
                <![CDATA[Sony tv]]>
              </value>
            </param>
          </params>
          <reporter-output>
          </reporter-output>
        </test-method> <!-- loadPage -->
        <test-method status="PASS" signature="handleError(org.testng.ITestResult)[pri:0, instance:tests.TS01_LandingPageTest@6b2ea799]" name="handleError" is-config="true" duration-ms="2" started-at="2018-02-19T06:31:58Z" finished-at="2018-02-19T06:31:58Z">
          <params>
            <param index="0">
              <value>
                <![CDATA[[TestResult name=loadPage status=SUCCESS method=TS01_LandingPageTest.loadPage(java.lang.String)[pri:0, instance:tests.TS01_LandingPageTest@6b2ea799] output={null}]]]>
              </value>
            </param>
          </params>
          <reporter-output>
          </reporter-output>
        </test-method> <!-- handleError -->
        <test-method status="FAIL" signature="loadPage(java.lang.String)[pri:0, instance:tests.TS01_LandingPageTest@6b2ea799]" name="loadPage" duration-ms="26529" started-at="2018-02-19T06:31:58Z" data-provider="getData" finished-at="2018-02-19T06:32:24Z">
          <params>
            <param index="0">
              <value>
                <![CDATA[Samsung tv]]>
              </value>
            </param>
          </params>
          <exception class="junit.framework.ComparisonFailure">
            <message>
              <![CDATA[Total price is not equal to single unit price expected:<...817.9...> but was:<...1,095.5...>]]>
            </message>
            <full-stacktrace>
              <![CDATA[junit.framework.ComparisonFailure: Total price is not equal to single unit price expected:<...817.9...> but was:<...1,095.5...>at junit.framework.Assert.assertEquals(Assert.java:81)at tests.TS01_LandingPageTest.loadPage(TS01_LandingPageTest.java:322)at sun.reflect.NativeMethodAccessorImpl.invoke0(Native Method)at sun.reflect.NativeMethodAccessorImpl.invoke(NativeMethodAccessorImpl.java:62)at sun.reflect.DelegatingMethodAccessorImpl.invoke(DelegatingMethodAccessorImpl.java:43)at java.lang.reflect.Method.invoke(Method.java:498)at org.testng.internal.MethodInvocationHelper.invokeMethod(MethodInvocationHelper.java:124)at org.testng.internal.Invoker.invokeMethod(Invoker.java:571)at org.testng.internal.Invoker.invokeTestMethod(Invoker.java:707)at org.testng.internal.Invoker.invokeTestMethods(Invoker.java:979)at org.testng.internal.TestMethodWorker.invokeTestMethods(TestMethodWorker.java:125)at org.testng.internal.TestMethodWorker.run(TestMethodWorker.java:109)at org.testng.TestRunner.privateRun(TestRunner.java:648)at org.testng.TestRunner.run(TestRunner.java:505)at org.testng.SuiteRunner.runTest(SuiteRunner.java:455)at org.testng.SuiteRunner.runSequentially(SuiteRunner.java:450)at org.testng.SuiteRunner.privateRun(SuiteRunner.java:415)at org.testng.SuiteRunner.run(SuiteRunner.java:364)at org.testng.SuiteRunnerWorker.runSuite(SuiteRunnerWorker.java:52)at org.testng.SuiteRunnerWorker.run(SuiteRunnerWorker.java:84)at org.testng.TestNG.runSuitesSequentially(TestNG.java:1187)at org.testng.TestNG.runSuitesLocally(TestNG.java:1116)at org.testng.TestNG.runSuites(TestNG.java:1028)at org.testng.TestNG.run(TestNG.java:996)at org.testng.remote.AbstractRemoteTestNG.run(AbstractRemoteTestNG.java:114)at org.testng.remote.RemoteTestNG.initAndRun(RemoteTestNG.java:251)at org.testng.remote.RemoteTestNG.main(RemoteTestNG.java:77)]]>
            </full-stacktrace>
          </exception> <!-- junit.framework.ComparisonFailure -->
          <reporter-output>
          </reporter-output>
        </test-method> <!-- loadPage -->
        <test-method status="PASS" signature="handleError(org.testng.ITestResult)[pri:0, instance:tests.TS01_LandingPageTest@6b2ea799]" name="handleError" is-config="true" duration-ms="695" started-at="2018-02-19T06:32:24Z" finished-at="2018-02-19T06:32:25Z">
          <params>
            <param index="0">
              <value>
                <![CDATA[[TestResult name=loadPage status=FAILURE method=TS01_LandingPageTest.loadPage(java.lang.String)[pri:0, instance:tests.TS01_LandingPageTest@6b2ea799] output={null}]]]>
              </value>
            </param>
          </params>
          <reporter-output>
          </reporter-output>
        </test-method> <!-- handleError -->
        <test-method status="PASS" signature="closeBrowser()[pri:0, instance:tests.TS01_LandingPageTest@6b2ea799]" name="closeBrowser" is-config="true" duration-ms="5328" started-at="2018-02-19T06:32:25Z" finished-at="2018-02-19T06:32:30Z">
          <reporter-output>
          </reporter-output>
        </test-method> <!-- closeBrowser -->
      </class> <!-- tests.TS01_LandingPageTest -->
    </test> <!-- Default test -->
  </suite> <!-- Default suite -->
</testng-results>
