<?xml version="1.0" encoding="UTF-8"?>
<!-- Generated by org.testng.reporters.JUnitXMLReporter -->
<testsuite hostname="Venkat" ignored="0" name="Test" tests="1" failures="1" timestamp="18 Feb 2018 09:10:28 GMT" time="44.008" errors="0">
  <testcase name="loadPage" time="39.988" classname="tests.TS01_LandingPageTest">
    <failure type="junit.framework.ComparisonFailure" message="Order total is not equal to single unit in checkout page expected:&amp;lt;...600.0...&amp;gt; but was:&amp;lt;...705.5...&amp;gt;">
      <![CDATA[junit.framework.ComparisonFailure: Order total is not equal to single unit in checkout page expected:<...600.0...> but was:<...705.5...>
	at junit.framework.Assert.assertEquals(Assert.java:81)
	at tests.TS01_LandingPageTest.loadPage(TS01_LandingPageTest.java:285)
... Removed 25 stack frames]]>
    </failure>
  </testcase> <!-- loadPage -->
</testsuite> <!-- Test -->
